<?xml version="1.0" encoding="UTF-8"?>
<!-- Generated by org.testng.reporters.JUnitReportReporter -->
<testsuite hostname="MY-LAPTOP" failures="0" tests="6" name="api.test.DDTest" time="11.679" errors="0" timestamp="2024-09-03T16:56:18 IST" skipped="0">
  <testcase classname="api.test.DDTest" name="testPostUser" time="1.534"/>
  <system-out/>
  <testcase classname="api.test.DDTest" name="testPostUser" time="1.442"/>
  <system-out/>
  <testcase classname="api.test.DDTest" name="testPostUser" time="4.322"/>
  <system-out/>
  <testcase classname="api.test.DDTest" name="testDeleteUserByName" time="1.328"/>
  <system-out/>
  <testcase classname="api.test.DDTest" name="testDeleteUserByName" time="1.535"/>
  <system-out/>
  <testcase classname="api.test.DDTest" name="testDeleteUserByName" time="1.518"/>
  <system-out/>
</testsuite> <!-- api.test.DDTest -->
