<?xml version="1.0" encoding="UTF-8"?>
<!-- Generated by org.testng.reporters.JUnitReportReporter -->
<testsuite hostname="MY-LAPTOP" failures="0" tests="4" name="api.test.UserTest2" time="9.858" errors="0" timestamp="2024-09-04T14:56:01 IST" skipped="0">
  <testcase classname="api.test.UserTest2" name="testPostUser" time="3.914"/>
  <system-out/>
  <testcase classname="api.test.UserTest2" name="testGetUserByName" time="1.646"/>
  <system-out/>
  <testcase classname="api.test.UserTest2" name="testUpdateUserByName" time="2.917"/>
  <system-out/>
  <testcase classname="api.test.UserTest2" name="testDeleteUserByName" time="1.381"/>
  <system-out/>
</testsuite> <!-- api.test.UserTest2 -->
