<?xml version="1.0" encoding="UTF-8"?>
<!-- Generated by org.testng.reporters.JUnitReportReporter -->
<testsuite hostname="MY-LAPTOP" failures="0" tests="4" name="api.test.UserTest" time="7.454" errors="0" timestamp="2024-09-03T18:19:23 IST" skipped="0">
  <testcase classname="api.test.UserTest" name="testPostUser" time="2.982"/>
  <system-out/>
  <testcase classname="api.test.UserTest" name="testGetUserByName" time="1.096"/>
  <system-out/>
  <testcase classname="api.test.UserTest" name="testUpdateUserByName" time="2.291"/>
  <system-out/>
  <testcase classname="api.test.UserTest" name="testDeleteUserByName" time="1.085"/>
  <system-out/>
</testsuite> <!-- api.test.UserTest -->
