<?xml version="1.0" encoding="UTF-8"?>
<!-- Generated by org.testng.reporters.JUnitReportReporter -->
<testsuite hostname="MY-LAPTOP" failures="0" tests="4" name="api.test.UserTest2" time="9.880" errors="0" timestamp="2024-09-04T15:30:42 IST" skipped="0">
  <testcase classname="api.test.UserTest2" name="testPostUser" time="4.183"/>
  <system-out/>
  <testcase classname="api.test.UserTest2" name="testGetUserByName" time="1.408"/>
  <system-out/>
  <testcase classname="api.test.UserTest2" name="testUpdateUserByName" time="2.859"/>
  <system-out/>
  <testcase classname="api.test.UserTest2" name="testDeleteUserByName" time="1.430"/>
  <system-out/>
</testsuite> <!-- api.test.UserTest2 -->
